This is XeTeX, Version 3.14159265-2.6-0.99992 (TeX Live 2015) (preloaded format=xelatex 2015.5.24)  27 APR 2021 17:53
entering extended mode
 restricted \write18 enabled.
 %&-line parsing enabled.
**DataScience.tex
(./DataScience.tex
LaTeX2e <2015/01/01>
Babel <3.9l> and hyphenation patterns for 79 languages loaded.
(/usr/local/texlive/2015/texmf-dist/tex/latex/base/book.cls
Document Class: book 2014/09/29 v1.4h Standard LaTeX document class
(/usr/local/texlive/2015/texmf-dist/tex/latex/base/bk10.clo
File: bk10.clo 2014/09/29 v1.4h Standard LaTeX file (size option)
)
\c@part=\count79
\c@chapter=\count80
\c@section=\count81
\c@subsection=\count82
\c@subsubsection=\count83
\c@paragraph=\count84
\c@subparagraph=\count85
\c@figure=\count86
\c@table=\count87
\abovecaptionskip=\skip41
\belowcaptionskip=\skip42
\bibindent=\dimen102
) (/usr/local/texlive/2015/texmf-dist/tex/latex/lm/lmodern.sty
Package: lmodern 2009/10/30 v1.6 Latin Modern Fonts
LaTeX Font Info:    Overwriting symbol font `operators' in version `normal'
(Font)                  OT1/cmr/m/n --> OT1/lmr/m/n on input line 22.
LaTeX Font Info:    Overwriting symbol font `letters' in version `normal'
(Font)                  OML/cmm/m/it --> OML/lmm/m/it on input line 23.
LaTeX Font Info:    Overwriting symbol font `symbols' in version `normal'
(Font)                  OMS/cmsy/m/n --> OMS/lmsy/m/n on input line 24.
LaTeX Font Info:    Overwriting symbol font `largesymbols' in version `normal'
(Font)                  OMX/cmex/m/n --> OMX/lmex/m/n on input line 25.
LaTeX Font Info:    Overwriting symbol font `operators' in version `bold'
(Font)                  OT1/cmr/bx/n --> OT1/lmr/bx/n on input line 26.
LaTeX Font Info:    Overwriting symbol font `letters' in version `bold'
(Font)                  OML/cmm/b/it --> OML/lmm/b/it on input line 27.
LaTeX Font Info:    Overwriting symbol font `symbols' in version `bold'
(Font)                  OMS/cmsy/b/n --> OMS/lmsy/b/n on input line 28.
LaTeX Font Info:    Overwriting symbol font `largesymbols' in version `bold'
(Font)                  OMX/cmex/m/n --> OMX/lmex/m/n on input line 29.
LaTeX Font Info:    Overwriting math alphabet `\mathbf' in version `normal'
(Font)                  OT1/cmr/bx/n --> OT1/lmr/bx/n on input line 31.
LaTeX Font Info:    Overwriting math alphabet `\mathsf' in version `normal'
(Font)                  OT1/cmss/m/n --> OT1/lmss/m/n on input line 32.
LaTeX Font Info:    Overwriting math alphabet `\mathit' in version `normal'
(Font)                  OT1/cmr/m/it --> OT1/lmr/m/it on input line 33.
LaTeX Font Info:    Overwriting math alphabet `\mathtt' in version `normal'
(Font)                  OT1/cmtt/m/n --> OT1/lmtt/m/n on input line 34.
LaTeX Font Info:    Overwriting math alphabet `\mathbf' in version `bold'
(Font)                  OT1/cmr/bx/n --> OT1/lmr/bx/n on input line 35.
LaTeX Font Info:    Overwriting math alphabet `\mathsf' in version `bold'
(Font)                  OT1/cmss/bx/n --> OT1/lmss/bx/n on input line 36.
LaTeX Font Info:    Overwriting math alphabet `\mathit' in version `bold'
(Font)                  OT1/cmr/bx/it --> OT1/lmr/bx/it on input line 37.
LaTeX Font Info:    Overwriting math alphabet `\mathtt' in version `bold'
(Font)                  OT1/cmtt/m/n --> OT1/lmtt/m/n on input line 38.
) (/usr/local/texlive/2015/texmf-dist/tex/latex/amsmath/amsmath.sty
Package: amsmath 2013/01/14 v2.14 AMS math features
\@mathmargin=\skip43
For additional information on amsmath, use the `?' option.
(/usr/local/texlive/2015/texmf-dist/tex/latex/amsmath/amstext.sty
Package: amstext 2000/06/29 v2.01
(/usr/local/texlive/2015/texmf-dist/tex/latex/amsmath/amsgen.sty
File: amsgen.sty 1999/11/30 v2.0
\@emptytoks=\toks14
\ex@=\dimen103
)) (/usr/local/texlive/2015/texmf-dist/tex/latex/amsmath/amsbsy.sty
Package: amsbsy 1999/11/29 v1.2d
\pmbraise@=\dimen104
) (/usr/local/texlive/2015/texmf-dist/tex/latex/amsmath/amsopn.sty
Package: amsopn 1999/12/14 v2.01 operator names
)
\inf@bad=\count88
LaTeX Info: Redefining \frac on input line 210.
\uproot@=\count89
\leftroot@=\count90
LaTeX Info: Redefining \overline on input line 306.
\classnum@=\count91
\DOTSCASE@=\count92
LaTeX Info: Redefining \ldots on input line 378.
LaTeX Info: Redefining \dots on input line 381.
LaTeX Info: Redefining \cdots on input line 466.
\Mathstrutbox@=\box26
\strutbox@=\box27
\big@size=\dimen105
LaTeX Font Info:    Redeclaring font encoding OML on input line 566.
LaTeX Font Info:    Redeclaring font encoding OMS on input line 567.
\macc@depth=\count93
\c@MaxMatrixCols=\count94
\dotsspace@=\muskip10
\c@parentequation=\count95
\dspbrk@lvl=\count96
\tag@help=\toks15
\row@=\count97
\column@=\count98
\maxfields@=\count99
\andhelp@=\toks16
\eqnshift@=\dimen106
\alignsep@=\dimen107
\tagshift@=\dimen108
\tagwidth@=\dimen109
\totwidth@=\dimen110
\lineht@=\dimen111
\@envbody=\toks17
\multlinegap=\skip44
\multlinetaggap=\skip45
\mathdisplay@stack=\toks18
LaTeX Info: Redefining \[ on input line 2665.
LaTeX Info: Redefining \] on input line 2666.
) (/usr/local/texlive/2015/texmf-dist/tex/generic/ifxetex/ifxetex.sty
Package: ifxetex 2010/09/12 v0.6 Provides ifxetex conditional
) (/usr/local/texlive/2015/texmf-dist/tex/generic/oberdiek/ifluatex.sty
Package: ifluatex 2010/03/01 v1.3 Provides the ifluatex switch (HO)
Package ifluatex Info: LuaTeX not detected.
) (/usr/local/texlive/2015/texmf-dist/tex/latex/unicode-math/unicode-math.sty
Package: unicode-math 2014/06/30 v0.7f Unicode maths in XeLaTeX and LuaLaTeX
(/usr/local/texlive/2015/texmf-dist/tex/latex/l3kernel/expl3.sty
Package: expl3 2015/03/01 v5547 L3 programming layer (loader) 
(/usr/local/texlive/2015/texmf-dist/tex/latex/l3kernel/expl3-code.tex
Package: expl3 2015/03/01 v5547 L3 programming layer (code) 
L3 Module: l3bootstrap 2015/02/28 v5542 L3 Bootstrap code
L3 Module: l3names 2015/02/24 v5535 L3 Namespace for primitives
L3 Module: l3basics 2015/01/27 v5500 L3 Basic definitions
L3 Module: l3expan 2014/11/27 v5472 L3 Argument expansion
L3 Module: l3tl 2015/01/27 v5500 L3 Token lists
L3 Module: l3str 2015/03/01 v5545 L3 Strings
L3 Module: l3seq 2014/08/23 v5354 L3 Sequences and stacks
L3 Module: l3int 2015/02/21 v5529 L3 Integers
\c_max_int=\count100
\l_tmpa_int=\count101
\l_tmpb_int=\count102
\g_tmpa_int=\count103
\g_tmpb_int=\count104
L3 Module: l3quark 2014/08/23 v5354 L3 Quarks
L3 Module: l3prg 2014/08/23 v5354 L3 Control structures
\g__prg_map_int=\count105
L3 Module: l3clist 2014/08/23 v5354 L3 Comma separated lists
L3 Module: l3token 2014/09/15 v5422 L3 Experimental token manipulation
L3 Module: l3prop 2014/08/23 v5354 L3 Property lists
L3 Module: l3msg 2015/02/26 v5537 L3 Messages
L3 Module: l3file 2014/08/24 v5369 L3 File and I/O operations
\l_iow_line_count_int=\count106
\l__iow_target_count_int=\count107
\l__iow_current_line_int=\count108
\l__iow_current_word_int=\count109
\l__iow_current_indentation_int=\count110
L3 Module: l3skip 2014/08/23 v5354 L3 Dimensions and skips
\c_zero_dim=\dimen112
\c_max_dim=\dimen113
\l_tmpa_dim=\dimen114
\l_tmpb_dim=\dimen115
\g_tmpa_dim=\dimen116
\g_tmpb_dim=\dimen117
\c_zero_skip=\skip46
\c_max_skip=\skip47
\l_tmpa_skip=\skip48
\l_tmpb_skip=\skip49
\g_tmpa_skip=\skip50
\g_tmpb_skip=\skip51
\c_zero_muskip=\muskip11
\c_max_muskip=\muskip12
\l_tmpa_muskip=\muskip13
\l_tmpb_muskip=\muskip14
\g_tmpa_muskip=\muskip15
\g_tmpb_muskip=\muskip16
L3 Module: l3keys 2015/01/27 v5500 L3 Key-value interfaces
\g__keyval_level_int=\count111
\l_keys_choice_int=\count112
L3 Module: l3fp 2014/08/22 v5336 L3 Floating points
\c__fp_leading_shift_int=\count113
\c__fp_middle_shift_int=\count114
\c__fp_trailing_shift_int=\count115
\c__fp_big_leading_shift_int=\count116
\c__fp_big_middle_shift_int=\count117
\c__fp_big_trailing_shift_int=\count118
\c__fp_Bigg_leading_shift_int=\count119
\c__fp_Bigg_middle_shift_int=\count120
\c__fp_Bigg_trailing_shift_int=\count121
L3 Module: l3box 2014/08/23 v5354 L3 Experimental boxes
\c_empty_box=\box28
\l_tmpa_box=\box29
\l_tmpb_box=\box30
\g_tmpa_box=\box31
\g_tmpb_box=\box32
L3 Module: l3coffins 2014/08/23 v5354 L3 Coffin code layer
\l__coffin_internal_box=\box33
\l__coffin_internal_dim=\dimen118
\l__coffin_offset_x_dim=\dimen119
\l__coffin_offset_y_dim=\dimen120
\l__coffin_x_dim=\dimen121
\l__coffin_y_dim=\dimen122
\l__coffin_x_prime_dim=\dimen123
\l__coffin_y_prime_dim=\dimen124
\c_empty_coffin=\box34
\l__coffin_aligned_coffin=\box35
\l__coffin_aligned_internal_coffin=\box36
\l_tmpa_coffin=\box37
\l_tmpb_coffin=\box38
\l__coffin_display_coffin=\box39
\l__coffin_display_coord_coffin=\box40
\l__coffin_display_pole_coffin=\box41
\l__coffin_display_offset_dim=\dimen125
\l__coffin_display_x_dim=\dimen126
\l__coffin_display_y_dim=\dimen127
L3 Module: l3color 2014/08/23 v5354 L3 Experimental color support
L3 Module: l3candidates 2015/03/01 v5544 L3 Experimental additions to l3kernel
\l__box_top_dim=\dimen128
\l__box_bottom_dim=\dimen129
\l__box_left_dim=\dimen130
\l__box_right_dim=\dimen131
\l__box_top_new_dim=\dimen132
\l__box_bottom_new_dim=\dimen133
\l__box_left_new_dim=\dimen134
\l__box_right_new_dim=\dimen135
\l__box_internal_box=\box42
\l__coffin_bounding_shift_dim=\dimen136
\l__coffin_left_corner_dim=\dimen137
\l__coffin_right_corner_dim=\dimen138
\l__coffin_bottom_corner_dim=\dimen139
\l__coffin_top_corner_dim=\dimen140
\l__coffin_scaled_total_height_dim=\dimen141
\l__coffin_scaled_width_dim=\dimen142
) (/usr/local/texlive/2015/texmf-dist/tex/latex/l3kernel/l3unicode-data.def
File: l3unicode-data.def 2015/03/01 v5544 L3 Unicode data
) (/usr/local/texlive/2015/texmf-dist/tex/latex/l3kernel/l3xdvipdfmx.def
File: l3xdvidpfmx.def 2015/03/01 v5544 L3 Experimental driver: xdvipdfmx
)) (/usr/local/texlive/2015/texmf-dist/tex/latex/l3packages/xparse/xparse.sty
Package: xparse 2014/11/25 v5471 L3 Experimental document command parser
\l__xparse_current_arg_int=\count122
\l__xparse_m_args_int=\count123
\l__xparse_mandatory_args_int=\count124
\l__xparse_processor_int=\count125
\l__xparse_v_nesting_int=\count126
) (/usr/local/texlive/2015/texmf-dist/tex/latex/l3packages/l3keys2e/l3keys2e.st
y
Package: l3keys2e 2014/11/25 v5471 LaTeX2e option processing using LaTeX3 keys
) (/usr/local/texlive/2015/texmf-dist/tex/latex/fontspec/fontspec.sty
Package: fontspec 2015/03/14 v2.4c Font selection for XeLaTeX and LuaLaTeX
\l_fontspec_script_int=\count127
\l_fontspec_language_int=\count128
\l_fontspec_strnum_int=\count129
\l__fontspec_tmpa_dim=\dimen143
\l__fontspec_tmpb_dim=\dimen144
\l__fontspec_tmpc_dim=\dimen145
Variant \tl_gset:cV already defined; not changing it on line 71
(/usr/local/texlive/2015/texmf-dist/tex/latex/fontspec/fontspec-patches.sty
Package: fontspec-patches 2015/03/14 v2.4c Font selection for XeLaTeX and LuaLa
TeX
LaTeX Info: Redefining \em on input line 49.
LaTeX Info: Redefining \emph on input line 57.
LaTeX Info: Redefining \- on input line 60.
.................................................
. LaTeX info: "xparse/redefine-command"
. 
. Redefining command \oldstylenums with sig. 'm' on line 155.
.................................................
.................................................
. LaTeX info: "xparse/define-command"
. 
. Defining command \liningnums with sig. 'm' on line 159.
.................................................
) (/usr/local/texlive/2015/texmf-dist/tex/latex/fontspec/fontspec-xetex.sty
Package: fontspec-xetex 2015/03/14 v2.4c Font selection for XeLaTeX and LuaLaTe
X
(/usr/local/texlive/2015/texmf-dist/tex/latex/base/fontenc.sty
Package: fontenc 2005/09/27 v1.99g Standard LaTeX package
(/usr/local/texlive/2015/texmf-dist/tex/latex/euenc/eu1enc.def
File: eu1enc.def 2010/05/27 v0.1h Experimental Unicode font encodings
)
LaTeX Font Info:    Try loading font information for EU1+lmr on input line 105.

(/usr/local/texlive/2015/texmf-dist/tex/latex/euenc/eu1lmr.fd
File: eu1lmr.fd 2009/10/30 v1.6 Font defs for Latin Modern
)) (/usr/local/texlive/2015/texmf-dist/tex/xelatex/xunicode/xunicode.sty
File: xunicode.sty 2011/09/09 v0.981 provides access to latin accents and many 
other characters in Unicode lower plane
(/usr/local/texlive/2015/texmf-dist/tex/latex/tipa/t3enc.def
File: t3enc.def 2001/12/31 T3 encoding
LaTeX Font Info:    Try loading font information for EU1+lmss on input line 357
.
(/usr/local/texlive/2015/texmf-dist/tex/latex/euenc/eu1lmss.fd
File: eu1lmss.fd 2009/10/30 v1.6 Font defs for Latin Modern
))
\tipaTiiicode=\count130
\tipasavetokens=\toks19
\tipachecktokens=\toks20
(/usr/local/texlive/2015/texmf-dist/tex/latex/graphics/graphicx.sty
Package: graphicx 2014/10/28 v1.0g Enhanced LaTeX Graphics (DPC,SPQR)
(/usr/local/texlive/2015/texmf-dist/tex/latex/graphics/keyval.sty
Package: keyval 2014/10/28 v1.15 key=value parser (DPC)
\KV@toks@=\toks21
) (/usr/local/texlive/2015/texmf-dist/tex/latex/graphics/graphics.sty
Package: graphics 2014/10/28 v1.0p Standard LaTeX Graphics (DPC,SPQR)
(/usr/local/texlive/2015/texmf-dist/tex/latex/graphics/trig.sty
Package: trig 1999/03/16 v1.09 sin cos tan (DPC)
) (/usr/local/texlive/2015/texmf-dist/tex/latex/latexconfig/graphics.cfg
File: graphics.cfg 2010/04/23 v1.9 graphics configuration of TeX Live
)
Package graphics Info: Driver file: xetex.def on input line 94.
(/usr/local/texlive/2015/texmf-dist/tex/xelatex/xetex-def/xetex.def
File: xetex.def 2015/03/25 v4.04 LaTeX color/graphics driver for XeTeX (TeX Liv
e/RRM/JK)
))
\Gin@req@height=\dimen146
\Gin@req@width=\dimen147
))
.................................................
. LaTeX info: "xparse/define-command"
. 
. Defining command \__fontspec_post_arg:w with sig. 'mmO{}' on line 42.
.................................................
.................................................
. LaTeX info: "xparse/define-command"
. 
. Defining command \fontspec with sig. 'om' on line 44.
.................................................
.................................................
. LaTeX info: "xparse/define-command"
. 
. Defining command \setmainfont with sig. 'om' on line 54.
.................................................
.................................................
. LaTeX info: "xparse/define-command"
. 
. Defining command \setsansfont with sig. 'om' on line 64.
.................................................
.................................................
. LaTeX info: "xparse/define-command"
. 
. Defining command \setmonofont with sig. 'om' on line 74.
.................................................
.................................................
. LaTeX info: "xparse/define-command"
. 
. Defining command \setmathrm with sig. 'om' on line 88.
.................................................
.................................................
. LaTeX info: "xparse/define-command"
. 
. Defining command \setboldmathrm with sig. 'om' on line 96.
.................................................
.................................................
. LaTeX info: "xparse/define-command"
. 
. Defining command \setmathsf with sig. 'om' on line 104.
.................................................
.................................................
. LaTeX info: "xparse/define-command"
. 
. Defining command \setmathtt with sig. 'om' on line 112.
.................................................
.................................................
. LaTeX info: "xparse/define-command"
. 
. Defining command \newfontfamily with sig. 'mom' on line 126.
.................................................
.................................................
. LaTeX info: "xparse/define-command"
. 
. Defining command \newfontface with sig. 'mom' on line 141.
.................................................
.................................................
. LaTeX info: "xparse/define-command"
. 
. Defining command \defaultfontfeatures with sig. 't+om' on line 155.
.................................................
.................................................
. LaTeX info: "xparse/define-command"
. 
. Defining command \addfontfeatures with sig. 'm' on line 210.
.................................................
.................................................
. LaTeX info: "xparse/define-command"
. 
. Defining command \newfontfeature with sig. 'mm' on line 221.
.................................................
.................................................
. LaTeX info: "xparse/define-command"
. 
. Defining command \newAATfeature with sig. 'mmmm' on line 229.
.................................................
.................................................
. LaTeX info: "xparse/define-command"
. 
. Defining command \newopentypefeature with sig. 'mmm' on line 237.
.................................................
.................................................
. LaTeX info: "xparse/define-command"
. 
. Defining command \aliasfontfeature with sig. 'mm' on line 261.
.................................................
.................................................
. LaTeX info: "xparse/define-command"
. 
. Defining command \aliasfontfeatureoption with sig. 'mmm' on line 270.
.................................................
.................................................
. LaTeX info: "xparse/define-command"
. 
. Defining command \newfontscript with sig. 'mm' on line 275.
.................................................
.................................................
. LaTeX info: "xparse/define-command"
. 
. Defining command \newfontlanguage with sig. 'mm' on line 301.
.................................................
.................................................
. LaTeX info: "xparse/define-command"
. 
. Defining command \DeclareFontsExtensions with sig. 'm' on line 321.
.................................................
Variant \prop_gput:cnV already defined; not changing it on line 704
Variant \prop_gput:cnx already defined; not changing it on line 705
\l__fontspec_tmp_int=\count131
LaTeX Info: Redefining \itshape on input line 2232.
LaTeX Info: Redefining \slshape on input line 2237.
LaTeX Info: Redefining \scshape on input line 2242.
LaTeX Info: Redefining \upshape on input line 2247.
(/usr/local/texlive/2015/texmf-dist/tex/latex/fontspec/fontspec.cfg))) (/usr/lo
cal/texlive/2015/texmf-dist/tex/generic/oberdiek/catchfile.sty
Package: catchfile 2011/03/01 v1.6 Catch the contents of a file (HO)
(/usr/local/texlive/2015/texmf-dist/tex/generic/oberdiek/infwarerr.sty
Package: infwarerr 2010/04/08 v1.3 Providing info/warning/error messages (HO)
) (/usr/local/texlive/2015/texmf-dist/tex/generic/oberdiek/ltxcmds.sty
Package: ltxcmds 2011/11/09 v1.22 LaTeX kernel commands for general use (HO)
) (/usr/local/texlive/2015/texmf-dist/tex/generic/oberdiek/etexcmds.sty
Package: etexcmds 2011/02/16 v1.5 Avoid name clashes with e-TeX commands (HO)
Package etexcmds Info: Could not find \expanded.
(etexcmds)             That can mean that you are not using pdfTeX 1.50 or
(etexcmds)             that some package has redefined \expanded.
(etexcmds)             In the latter case, load this package earlier.
)) (/usr/local/texlive/2015/texmf-dist/tex/latex/base/fix-cm.sty
Package: fix-cm 2015/01/14 v1.1t fixes to LaTeX
(/usr/local/texlive/2015/texmf-dist/tex/latex/base/ts1enc.def
File: ts1enc.def 2001/06/05 v3.0e (jk/car/fm) Standard LaTeX file
)) (/usr/local/texlive/2015/texmf-dist/tex/latex/filehook/filehook.sty
Package: filehook 2011/10/12 v0.5d Hooks for input files
)
Variant \tl_put_right:cx already defined; not changing it on line 67
Variant \seq_if_in:NVTF already defined; not changing it on line 68
\g_um_fam_int=\count132
.................................................
. LaTeX info: "xparse/define-command"
. 
. Defining command \unimathsetup with sig. 'm' on line 156.
.................................................

(/usr/local/texlive/2015/texmf-dist/tex/latex/unicode-math/unicode-math-xetex.s
ty
.................................................
. LaTeX info: "xparse/define-command"
. 
. Defining command \setmathfont with sig. 'O{}m' on line 384.
.................................................
.................................................
. LaTeX info: "xparse/define-command"
. 
. Defining command \addnolimits with sig. 'm' on line 627.
.................................................
.................................................
. LaTeX info: "xparse/define-command"
. 
. Defining command \removenolimits with sig. 'm' on line 631.
.................................................

(/usr/local/texlive/2015/texmf-dist/tex/latex/unicode-math/unicode-math-table.t
ex)
\g_um_primekern_muskip=\muskip17
\l_um_primecount_int=\count133
.................................................
. unicode-math info: "patch-macro"
. 
. I'm going to patch macro \subarray.
.................................................
.................................................
. unicode-math info: "patch-macro"
. 
. I'm going to patch macro \r@@t.
.................................................
)) (/usr/local/texlive/2015/texmf-dist/tex/latex/upquote/upquote.sty
Package: upquote 2012/04/19 v1.3 upright-quote and grave-accent glyphs in verba
tim
(/usr/local/texlive/2015/texmf-dist/tex/latex/base/textcomp.sty
Package: textcomp 2005/09/27 v1.99g Standard LaTeX package
Package textcomp Info: Sub-encoding information:
(textcomp)               5 = only ISO-Adobe without \textcurrency
(textcomp)               4 = 5 + \texteuro
(textcomp)               3 = 4 + \textohm
(textcomp)               2 = 3 + \textestimated + \textcurrency
(textcomp)               1 = TS1 - \textcircled - \t
(textcomp)               0 = TS1 (full)
(textcomp)             Font families with sub-encoding setting implement
(textcomp)             only a restricted character set as indicated.
(textcomp)             Family '?' is the default used for unknown fonts.
(textcomp)             See the documentation for details.
Package textcomp Info: Setting ? sub-encoding to TS1/1 on input line 79.
(/usr/local/texlive/2015/texmf-dist/tex/latex/base/ts1enc.def
File: ts1enc.def 2001/06/05 v3.0e (jk/car/fm) Standard LaTeX file
LaTeX Font Info:    Redeclaring font encoding TS1 on input line 47.
)
LaTeX Info: Redefining \oldstylenums on input line 334.
Package textcomp Info: Setting cmr sub-encoding to TS1/0 on input line 349.
Package textcomp Info: Setting cmss sub-encoding to TS1/0 on input line 350.
Package textcomp Info: Setting cmtt sub-encoding to TS1/0 on input line 351.
Package textcomp Info: Setting cmvtt sub-encoding to TS1/0 on input line 352.
Package textcomp Info: Setting cmbr sub-encoding to TS1/0 on input line 353.
Package textcomp Info: Setting cmtl sub-encoding to TS1/0 on input line 354.
Package textcomp Info: Setting ccr sub-encoding to TS1/0 on input line 355.
Package textcomp Info: Setting ptm sub-encoding to TS1/4 on input line 356.
Package textcomp Info: Setting pcr sub-encoding to TS1/4 on input line 357.
Package textcomp Info: Setting phv sub-encoding to TS1/4 on input line 358.
Package textcomp Info: Setting ppl sub-encoding to TS1/3 on input line 359.
Package textcomp Info: Setting pag sub-encoding to TS1/4 on input line 360.
Package textcomp Info: Setting pbk sub-encoding to TS1/4 on input line 361.
Package textcomp Info: Setting pnc sub-encoding to TS1/4 on input line 362.
Package textcomp Info: Setting pzc sub-encoding to TS1/4 on input line 363.
Package textcomp Info: Setting bch sub-encoding to TS1/4 on input line 364.
Package textcomp Info: Setting put sub-encoding to TS1/5 on input line 365.
Package textcomp Info: Setting uag sub-encoding to TS1/5 on input line 366.
Package textcomp Info: Setting ugq sub-encoding to TS1/5 on input line 367.
Package textcomp Info: Setting ul8 sub-encoding to TS1/4 on input line 368.
Package textcomp Info: Setting ul9 sub-encoding to TS1/4 on input line 369.
Package textcomp Info: Setting augie sub-encoding to TS1/5 on input line 370.
Package textcomp Info: Setting dayrom sub-encoding to TS1/3 on input line 371.
Package textcomp Info: Setting dayroms sub-encoding to TS1/3 on input line 372.

Package textcomp Info: Setting pxr sub-encoding to TS1/0 on input line 373.
Package textcomp Info: Setting pxss sub-encoding to TS1/0 on input line 374.
Package textcomp Info: Setting pxtt sub-encoding to TS1/0 on input line 375.
Package textcomp Info: Setting txr sub-encoding to TS1/0 on input line 376.
Package textcomp Info: Setting txss sub-encoding to TS1/0 on input line 377.
Package textcomp Info: Setting txtt sub-encoding to TS1/0 on input line 378.
Package textcomp Info: Setting lmr sub-encoding to TS1/0 on input line 379.
Package textcomp Info: Setting lmdh sub-encoding to TS1/0 on input line 380.
Package textcomp Info: Setting lmss sub-encoding to TS1/0 on input line 381.
Package textcomp Info: Setting lmssq sub-encoding to TS1/0 on input line 382.
Package textcomp Info: Setting lmvtt sub-encoding to TS1/0 on input line 383.
Package textcomp Info: Setting lmtt sub-encoding to TS1/0 on input line 384.
Package textcomp Info: Setting qhv sub-encoding to TS1/0 on input line 385.
Package textcomp Info: Setting qag sub-encoding to TS1/0 on input line 386.
Package textcomp Info: Setting qbk sub-encoding to TS1/0 on input line 387.
Package textcomp Info: Setting qcr sub-encoding to TS1/0 on input line 388.
Package textcomp Info: Setting qcs sub-encoding to TS1/0 on input line 389.
Package textcomp Info: Setting qpl sub-encoding to TS1/0 on input line 390.
Package textcomp Info: Setting qtm sub-encoding to TS1/0 on input line 391.
Package textcomp Info: Setting qzc sub-encoding to TS1/0 on input line 392.
Package textcomp Info: Setting qhvc sub-encoding to TS1/0 on input line 393.
Package textcomp Info: Setting futs sub-encoding to TS1/4 on input line 394.
Package textcomp Info: Setting futx sub-encoding to TS1/4 on input line 395.
Package textcomp Info: Setting futj sub-encoding to TS1/4 on input line 396.
Package textcomp Info: Setting hlh sub-encoding to TS1/3 on input line 397.
Package textcomp Info: Setting hls sub-encoding to TS1/3 on input line 398.
Package textcomp Info: Setting hlst sub-encoding to TS1/3 on input line 399.
Package textcomp Info: Setting hlct sub-encoding to TS1/5 on input line 400.
Package textcomp Info: Setting hlx sub-encoding to TS1/5 on input line 401.
Package textcomp Info: Setting hlce sub-encoding to TS1/5 on input line 402.
Package textcomp Info: Setting hlcn sub-encoding to TS1/5 on input line 403.
Package textcomp Info: Setting hlcw sub-encoding to TS1/5 on input line 404.
Package textcomp Info: Setting hlcf sub-encoding to TS1/5 on input line 405.
Package textcomp Info: Setting pplx sub-encoding to TS1/3 on input line 406.
Package textcomp Info: Setting pplj sub-encoding to TS1/3 on input line 407.
Package textcomp Info: Setting ptmx sub-encoding to TS1/4 on input line 408.
Package textcomp Info: Setting ptmj sub-encoding to TS1/4 on input line 409.
)) (/usr/local/texlive/2015/texmf-dist/tex/latex/microtype/microtype.sty
Package: microtype 2013/05/23 v2.5a Micro-typographical refinements (RS)
\MT@toks=\toks22
\MT@count=\count134
LaTeX Info: Redefining \textls on input line 766.
\MT@outer@kern=\dimen148
LaTeX Info: Redefining \textmicrotypecontext on input line 1285.
\MT@listname@count=\count135
(/usr/local/texlive/2015/texmf-dist/tex/latex/microtype/microtype-xetex.def
File: microtype-xetex.def 2013/05/23 v2.5a Definitions specific to xetex (RS)
LaTeX Info: Redefining \lsstyle on input line 254.
)
Package microtype Info: Loading configuration file microtype.cfg.
(/usr/local/texlive/2015/texmf-dist/tex/latex/microtype/microtype.cfg
File: microtype.cfg 2013/05/23 v2.5a microtype main configuration file (RS)
)) (/usr/local/texlive/2015/texmf-dist/tex/latex/parskip/parskip.sty
Package: parskip 2001/04/09 non-zero parskip adjustments
) (/usr/local/texlive/2015/texmf-dist/tex/latex/xcolor/xcolor.sty
Package: xcolor 2007/01/21 v2.11 LaTeX color extensions (UK)
(/usr/local/texlive/2015/texmf-dist/tex/latex/latexconfig/color.cfg
File: color.cfg 2007/01/18 v1.5 color configuration of teTeX/TeXLive
)
Package xcolor Info: Driver file: xetex.def on input line 225.
Package xcolor Info: Model `cmy' substituted by `cmy0' on input line 1337.
Package xcolor Info: Model `RGB' extended on input line 1353.
Package xcolor Info: Model `HTML' substituted by `rgb' on input line 1355.
Package xcolor Info: Model `Hsb' substituted by `hsb' on input line 1356.
Package xcolor Info: Model `tHsb' substituted by `hsb' on input line 1357.
Package xcolor Info: Model `HSB' substituted by `hsb' on input line 1358.
Package xcolor Info: Model `Gray' substituted by `gray' on input line 1359.
Package xcolor Info: Model `wave' substituted by `hsb' on input line 1360.
) (/usr/local/texlive/2015/texmf-dist/tex/latex/oberdiek/bookmark.sty
Package: bookmark 2011/12/02 v1.24 PDF bookmarks (HO)
(/usr/local/texlive/2015/texmf-dist/tex/generic/oberdiek/pdfescape.sty
Package: pdfescape 2011/11/25 v1.13 Implements pdfTeX's escape features (HO)
(/usr/local/texlive/2015/texmf-dist/tex/generic/oberdiek/pdftexcmds.sty
Package: pdftexcmds 2011/11/29 v0.20 Utility functions of pdfTeX for LuaTeX (HO
)
(/usr/local/texlive/2015/texmf-dist/tex/generic/oberdiek/ifpdf.sty
Package: ifpdf 2011/01/30 v2.3 Provides the ifpdf switch (HO)
Package ifpdf Info: pdfTeX in PDF mode is not detected.
)
Package pdftexcmds Info: LuaTeX not detected.
Package pdftexcmds Info: pdfTeX >= 1.30 not detected.
Package pdftexcmds Info: \pdf@primitive is available.
Package pdftexcmds Info: \pdf@ifprimitive is available.
Package pdftexcmds Info: \pdfdraftmode not found.
)) (/usr/local/texlive/2015/texmf-dist/tex/generic/oberdiek/ifvtex.sty
Package: ifvtex 2010/03/01 v1.5 Detect VTeX and its facilities (HO)
Package ifvtex Info: VTeX not detected.
) (/usr/local/texlive/2015/texmf-dist/tex/latex/hyperref/hyperref.sty
Package: hyperref 2012/11/06 v6.83m Hypertext links for LaTeX
(/usr/local/texlive/2015/texmf-dist/tex/generic/oberdiek/hobsub-hyperref.sty
Package: hobsub-hyperref 2012/05/28 v1.13 Bundle oberdiek, subset hyperref (HO)

(/usr/local/texlive/2015/texmf-dist/tex/generic/oberdiek/hobsub-generic.sty
Package: hobsub-generic 2012/05/28 v1.13 Bundle oberdiek, subset generic (HO)
Package: hobsub 2012/05/28 v1.13 Construct package bundles (HO)
Package hobsub Info: Skipping package `infwarerr' (already loaded).
Package hobsub Info: Skipping package `ltxcmds' (already loaded).
Package hobsub Info: Skipping package `ifluatex' (already loaded).
Package hobsub Info: Skipping package `ifvtex' (already loaded).
Package: intcalc 2007/09/27 v1.1 Expandable calculations with integers (HO)
Package hobsub Info: Skipping package `ifpdf' (already loaded).
Package hobsub Info: Skipping package `etexcmds' (already loaded).
Package: kvsetkeys 2012/04/25 v1.16 Key value parser (HO)
Package: kvdefinekeys 2011/04/07 v1.3 Define keys (HO)
Package hobsub Info: Skipping package `pdftexcmds' (already loaded).
Package hobsub Info: Skipping package `pdfescape' (already loaded).
Package: bigintcalc 2012/04/08 v1.3 Expandable calculations on big integers (HO
)
Package: bitset 2011/01/30 v1.1 Handle bit-vector datatype (HO)
Package: uniquecounter 2011/01/30 v1.2 Provide unlimited unique counter (HO)
)
Package hobsub Info: Skipping package `hobsub' (already loaded).
Package: letltxmacro 2010/09/02 v1.4 Let assignment for LaTeX macros (HO)
Package: hopatch 2012/05/28 v1.2 Wrapper for package hooks (HO)
Package: xcolor-patch 2011/01/30 xcolor patch
Package: atveryend 2011/06/30 v1.8 Hooks at the very end of document (HO)
Package atveryend Info: \enddocument detected (standard20110627).
Package: atbegshi 2011/10/05 v1.16 At begin shipout hook (HO)
Package: refcount 2011/10/16 v3.4 Data extraction from label references (HO)
Package: hycolor 2011/01/30 v1.7 Color options for hyperref/bookmark (HO)
) (/usr/local/texlive/2015/texmf-dist/tex/latex/oberdiek/auxhook.sty
Package: auxhook 2011/03/04 v1.3 Hooks for auxiliary files (HO)
) (/usr/local/texlive/2015/texmf-dist/tex/latex/oberdiek/kvoptions.sty
Package: kvoptions 2011/06/30 v3.11 Key value format for package options (HO)
)
\@linkdim=\dimen149
\Hy@linkcounter=\count136
\Hy@pagecounter=\count137
(/usr/local/texlive/2015/texmf-dist/tex/latex/hyperref/pd1enc.def
File: pd1enc.def 2012/11/06 v6.83m Hyperref: PDFDocEncoding definition (HO)
)
\Hy@SavedSpaceFactor=\count138
(/usr/local/texlive/2015/texmf-dist/tex/latex/latexconfig/hyperref.cfg
File: hyperref.cfg 2002/06/06 v1.2 hyperref configuration of TeXLive
)
Package hyperref Info: Option `unicode' set `true' on input line 4319.
(/usr/local/texlive/2015/texmf-dist/tex/latex/hyperref/puenc.def
File: puenc.def 2012/11/06 v6.83m Hyperref: PDF Unicode definition (HO)
)
Package hyperref Info: Hyper figures OFF on input line 4443.
Package hyperref Info: Link nesting OFF on input line 4448.
Package hyperref Info: Hyper index ON on input line 4451.
Package hyperref Info: Plain pages OFF on input line 4458.
Package hyperref Info: Backreferencing OFF on input line 4463.
Package hyperref Info: Implicit mode ON; LaTeX internals redefined.
Package hyperref Info: Bookmarks ON on input line 4688.
\c@Hy@tempcnt=\count139
(/usr/local/texlive/2015/texmf-dist/tex/latex/url/url.sty
\Urlmuskip=\muskip18
Package: url 2013/09/16  ver 3.4  Verb mode for urls, etc.
)
LaTeX Info: Redefining \url on input line 5041.
\XeTeXLinkMargin=\dimen150
\Fld@menulength=\count140
\Field@Width=\dimen151
\Fld@charsize=\dimen152
Package hyperref Info: Hyper figures OFF on input line 6295.
Package hyperref Info: Link nesting OFF on input line 6300.
Package hyperref Info: Hyper index ON on input line 6303.
Package hyperref Info: backreferencing OFF on input line 6310.
Package hyperref Info: Link coloring OFF on input line 6315.
Package hyperref Info: Link coloring with OCG OFF on input line 6320.
Package hyperref Info: PDF/A mode OFF on input line 6325.
LaTeX Info: Redefining \ref on input line 6365.
LaTeX Info: Redefining \pageref on input line 6369.
\Hy@abspage=\count141
\c@Item=\count142
\c@Hfootnote=\count143
)

Package hyperref Message: Driver (autodetected): hxetex.

(/usr/local/texlive/2015/texmf-dist/tex/latex/hyperref/hxetex.def
File: hxetex.def 2012/11/06 v6.83m Hyperref driver for XeTeX
(/usr/local/texlive/2015/texmf-dist/tex/generic/oberdiek/stringenc.sty
Package: stringenc 2011/12/02 v1.10 Convert strings between diff. encodings (HO
)
)
\pdfm@box=\box43
\c@Hy@AnnotLevel=\count144
\HyField@AnnotCount=\count145
\Fld@listcount=\count146
\c@bookmark@seq@number=\count147
(/usr/local/texlive/2015/texmf-dist/tex/latex/oberdiek/rerunfilecheck.sty
Package: rerunfilecheck 2011/04/15 v1.7 Rerun checks for auxiliary files (HO)
Package rerunfilecheck Info: Feature \pdfmdfivesum is not available
(rerunfilecheck)             (e.g. pdfTeX or LuaTeX with package `pdftexcmds').

(rerunfilecheck)             Therefore file contents cannot be checked efficien
tly
(rerunfilecheck)             and the loading of the package is aborted.
)
\Hy@SectionHShift=\skip52
) (/usr/local/texlive/2015/texmf-dist/tex/latex/oberdiek/bkm-dvipdfm.def
File: bkm-dvipdfm.def 2011/12/02 v1.24 bookmark driver for dvipdfm (HO)
\BKM@id=\count148
)) (/usr/local/texlive/2015/texmf-dist/tex/latex/fancyvrb/fancyvrb.sty
Package: fancyvrb 2008/02/07

Style option: `fancyvrb' v2.7a, with DG/SPQR fixes, and firstline=lastline fix 
<2008/02/07> (tvz)
\FV@CodeLineNo=\count149
\FV@InFile=\read1
\FV@TabBox=\box44
\c@FancyVerbLine=\count150
\FV@StepNumber=\count151
\FV@OutFile=\write3
) (/usr/local/texlive/2015/texmf-dist/tex/latex/framed/framed.sty
Package: framed 2011/10/22 v 0.96: framed or shaded text with page breaks
\OuterFrameSep=\skip53
\fb@frw=\dimen153
\fb@frh=\dimen154
\FrameRule=\dimen155
\FrameSep=\dimen156
) (/usr/local/texlive/2015/texmf-dist/tex/latex/tools/longtable.sty
Package: longtable 2014/10/28 v4.11 Multi-page Table package (DPC)
\LTleft=\skip54
\LTright=\skip55
\LTpre=\skip56
\LTpost=\skip57
\LTchunksize=\count152
\LTcapwidth=\dimen157
\LT@head=\box45
\LT@firsthead=\box46
\LT@foot=\box47
\LT@lastfoot=\box48
\LT@cols=\count153
\LT@rows=\count154
\c@LT@tables=\count155
\c@LT@chunks=\count156
\LT@p@ftn=\toks23
) (/usr/local/texlive/2015/texmf-dist/tex/latex/booktabs/booktabs.sty
Package: booktabs 2005/04/14 v1.61803 publication quality tables
\heavyrulewidth=\dimen158
\lightrulewidth=\dimen159
\cmidrulewidth=\dimen160
\belowrulesep=\dimen161
\belowbottomsep=\dimen162
\aboverulesep=\dimen163
\abovetopsep=\dimen164
\cmidrulesep=\dimen165
\cmidrulekern=\dimen166
\defaultaddspace=\dimen167
\@cmidla=\count157
\@cmidlb=\count158
\@aboverulesep=\dimen168
\@belowrulesep=\dimen169
\@thisruleclass=\count159
\@lastruleclass=\count160
\@thisrulewidth=\dimen170
) (/usr/local/texlive/2015/texmf-dist/tex/latex/tools/calc.sty
Package: calc 2014/10/28 v4.3 Infix arithmetic (KKT,FJ)
\calc@Acount=\count161
\calc@Bcount=\count162
\calc@Adimen=\dimen171
\calc@Bdimen=\dimen172
\calc@Askip=\skip58
\calc@Bskip=\skip59
LaTeX Info: Redefining \setlength on input line 80.
LaTeX Info: Redefining \addtolength on input line 81.
\calc@Ccount=\count163
\calc@Cskip=\skip60
) (/usr/local/texlive/2015/texmf-dist/tex/latex/etoolbox/etoolbox.sty
Package: etoolbox 2015/05/04 v2.2 e-TeX tools for LaTeX (JAW)
\etb@tempcnta=\count164
) (/usr/local/texlive/2015/texmf-dist/tex/latex/mdwtools/footnote.sty
Package: footnote 1997/01/28 1.13 Save footnotes around boxes
\fn@notes=\box49
\fn@width=\dimen173
) (/usr/local/texlive/2015/texmf-dist/tex/latex/natbib/natbib.sty
Package: natbib 2010/09/13 8.31b (PWD, AO)
\bibhang=\skip61
\bibsep=\skip62
LaTeX Info: Redefining \cite on input line 694.
\c@NAT@ctr=\count165
) (./DataScience.aux)
\openout1 = `DataScience.aux'.

LaTeX Font Info:    Checking defaults for OML/cmm/m/it on input line 123.
LaTeX Font Info:    ... okay on input line 123.
LaTeX Font Info:    Checking defaults for T1/cmr/m/n on input line 123.
LaTeX Font Info:    ... okay on input line 123.
LaTeX Font Info:    Checking defaults for OT1/cmr/m/n on input line 123.
LaTeX Font Info:    ... okay on input line 123.
LaTeX Font Info:    Checking defaults for OMS/cmsy/m/n on input line 123.
LaTeX Font Info:    ... okay on input line 123.
LaTeX Font Info:    Checking defaults for OMX/cmex/m/n on input line 123.
LaTeX Font Info:    ... okay on input line 123.
LaTeX Font Info:    Checking defaults for U/cmr/m/n on input line 123.
LaTeX Font Info:    ... okay on input line 123.
LaTeX Font Info:    Checking defaults for EU1/lmr/m/n on input line 123.
LaTeX Font Info:    ... okay on input line 123.
LaTeX Font Info:    Checking defaults for T3/cmr/m/n on input line 123.
LaTeX Font Info:    Try loading font information for T3+cmr on input line 123.
(/usr/local/texlive/2015/texmf-dist/tex/latex/tipa/t3cmr.fd
File: t3cmr.fd 2001/12/31 TIPA font definitions
)
LaTeX Font Info:    ... okay on input line 123.
LaTeX Font Info:    Checking defaults for TS1/cmr/m/n on input line 123.
LaTeX Font Info:    ... okay on input line 123.
LaTeX Font Info:    Checking defaults for PD1/pdf/m/n on input line 123.
LaTeX Font Info:    ... okay on input line 123.
LaTeX Font Info:    Checking defaults for PU/pdf/m/n on input line 123.
LaTeX Font Info:    ... okay on input line 123.
\g__file_internal_ior=\read2
.................................................
. fontspec info: "set-scale"
. 
. latinmodern-math.otf scale = 1.
.................................................
\g__fontspec_family_latinmodern-math.otf_int=\count166
.................................................
. fontspec info: "set-scale"
. 
. latinmodern-math scale = 1.
.................................................
.................................................
. fontspec info: "set-scale"
. 
. latinmodern-math scale = 1.
.................................................
.................................................
. fontspec info: "set-scale"
. 
. latinmodern-math scale = 1.
.................................................
.................................................
. fontspec info: "set-scale"
. 
. latinmodern-math scale = 1.
.................................................
.................................................
. fontspec info: "defining-font"
. 
. Font family 'latinmodern-math.otf(0)' created for font
. 'latinmodern-math.otf' with options
. [Scale=MatchLowercase,BoldItalicFont={},ItalicFont={},Script=Math,SizeFeature
s={{Size=10-},{Size=7-10,Font=latinmodern-math.otf,Style=MathScript},{Size=-7,F
ont=latinmodern-math.otf,Style=MathScriptScript}},BoldFont={latinmodern-math.ot
f}].
. 
. This font family consists of the following shapes:
. 
. * 'normal' with NFSS spec.:
. 
. <10->s*[1]"[latinmodern-math]/OT:script=math;language=DFLT;"<7-10>s*[1]"[lati
nmodern-math]/OT:script=math;language=DFLT;+ssty=0;"<-7>s*[1]"[latinmodern-math
]/OT:script=math;language=DFLT;+ssty=1;"
. 
. * 'small caps' with NFSS spec.:
. 
. and font adjustment code:
. 
. 
. * 'bold' with NFSS spec.:
. <->s*[1]"[latinmodern-math]/OT:script=math;language=DFLT;"
. 
. * 'bold small caps' with NFSS spec.:
. 
. and font adjustment code:
. 
.................................................
LaTeX Font Info:    Font shape `EU1/latinmodern-math.otf(0)/m/n' will be
(Font)              scaled to size 10.0pt on input line 123.
LaTeX Font Info:    Encoding `OT1' has changed to `EU1' for symbol font
(Font)              `operators' in the math version `normal' on input line 123.

LaTeX Font Info:    Overwriting symbol font `operators' in version `normal'
(Font)                  OT1/lmr/m/n --> EU1/latinmodern-math.otf(0)/m/n on inpu
t line 123.
LaTeX Font Info:    Encoding `OT1' has changed to `EU1' for symbol font
(Font)              `operators' in the math version `bold' on input line 123.
LaTeX Font Info:    Overwriting symbol font `operators' in version `bold'
(Font)                  OT1/lmr/bx/n --> EU1/latinmodern-math.otf(0)/bx/n on in
put line 123.
.................................................
. fontspec info: "set-scale"
. 
. latinmodern-math.otf scale = 1.
.................................................
.................................................
. fontspec info: "set-scale"
. 
. latinmodern-math scale = 1.
.................................................
.................................................
. fontspec info: "set-scale"
. 
. latinmodern-math scale = 1.
.................................................
.................................................
. fontspec info: "set-scale"
. 
. latinmodern-math scale = 1.
.................................................
.................................................
. fontspec info: "set-scale"
. 
. latinmodern-math scale = 1.
.................................................
.................................................
. fontspec info: "defining-font"
. 
. Font family 'latinmodern-math.otf(1)' created for font
. 'latinmodern-math.otf' with options
. [Scale=MatchLowercase,BoldItalicFont={},ItalicFont={},Script=Math,SizeFeature
s={{Size=10-},{Size=7-10,Font=latinmodern-math.otf,Style=MathScript},{Size=-7,F
ont=latinmodern-math.otf,Style=MathScriptScript}},BoldFont={latinmodern-math.ot
f},Scale=1.00001,FontAdjustment={\fontdimen
. 8\font =6.77pt\relax \relax \fontdimen 9\font =3.94pt\relax \relax
. \fontdimen 10\font =4.44pt\relax \relax \fontdimen 11\font =6.86pt\relax
. \relax \fontdimen 12\font =3.45pt\relax \relax \fontdimen 13\font
. =3.63pt\relax \relax \fontdimen 14\font =3.63pt\relax \relax \fontdimen
. 15\font =2.89pt\relax \relax \fontdimen 16\font =2.47pt\relax \relax
. \fontdimen 17\font =2.47pt\relax \relax \fontdimen 18\font =2.5pt\relax
. \relax \fontdimen 19\font =2.0pt\relax \relax \fontdimen 20\font =0pt\relax
. \fontdimen 21\font =0pt\relax \fontdimen 22\font =2.5pt\relax \relax }].
. 
. This font family consists of the following shapes:
. 
. * 'normal' with NFSS spec.:
. 
. <10->s*[1.00001]"[latinmodern-math]/OT:script=math;language=DFLT;"<7-10>s*[1.
00001]"[latinmodern-math]/OT:script=math;language=DFLT;+ssty=0;"<-7>s*[1.00001]
"[latinmodern-math]/OT:script=math;language=DFLT;+ssty=1;"
. 
. * 'small caps' with NFSS spec.:
. 
. and font adjustment code:
. \fontdimen 8\font =6.77pt\relax \relax \fontdimen 9\font =3.94pt\relax
. \relax \fontdimen 10\font =4.44pt\relax \relax \fontdimen 11\font
. =6.86pt\relax \relax \fontdimen 12\font =3.45pt\relax \relax \fontdimen
. 13\font =3.63pt\relax \relax \fontdimen 14\font =3.63pt\relax \relax
. \fontdimen 15\font =2.89pt\relax \relax \fontdimen 16\font =2.47pt\relax
. \relax \fontdimen 17\font =2.47pt\relax \relax \fontdimen 18\font
. =2.5pt\relax \relax \fontdimen 19\font =2.0pt\relax \relax \fontdimen
. 20\font =0pt\relax \fontdimen 21\font =0pt\relax \fontdimen 22\font
. =2.5pt\relax \relax 
. 
. * 'bold' with NFSS spec.:
. <->s*[1.00001]"[latinmodern-math]/OT:script=math;language=DFLT;"
. 
. * 'bold small caps' with NFSS spec.:
. 
. and font adjustment code:
. \fontdimen 8\font =6.77pt\relax \relax \fontdimen 9\font =3.94pt\relax
. \relax \fontdimen 10\font =4.44pt\relax \relax \fontdimen 11\font
. =6.86pt\relax \relax \fontdimen 12\font =3.45pt\relax \relax \fontdimen
. 13\font =3.63pt\relax \relax \fontdimen 14\font =3.63pt\relax \relax
. \fontdimen 15\font =2.89pt\relax \relax \fontdimen 16\font =2.47pt\relax
. \relax \fontdimen 17\font =2.47pt\relax \relax \fontdimen 18\font
. =2.5pt\relax \relax \fontdimen 19\font =2.0pt\relax \relax \fontdimen
. 20\font =0pt\relax \fontdimen 21\font =0pt\relax \fontdimen 22\font
. =2.5pt\relax \relax 
.................................................
LaTeX Font Info:    Encoding `OMS' has changed to `EU1' for symbol font
(Font)              `symbols' in the math version `normal' on input line 123.
LaTeX Font Info:    Overwriting symbol font `symbols' in version `normal'
(Font)                  OMS/lmsy/m/n --> EU1/latinmodern-math.otf(1)/m/n on inp
ut line 123.
LaTeX Font Info:    Encoding `OMS' has changed to `EU1' for symbol font
(Font)              `symbols' in the math version `bold' on input line 123.
LaTeX Font Info:    Overwriting symbol font `symbols' in version `bold'
(Font)                  OMS/lmsy/b/n --> EU1/latinmodern-math.otf(1)/bx/n on in
put line 123.
.................................................
. fontspec info: "set-scale"
. 
. latinmodern-math.otf scale = 1.
.................................................
.................................................
. fontspec info: "set-scale"
. 
. latinmodern-math scale = 1.
.................................................
.................................................
. fontspec info: "set-scale"
. 
. latinmodern-math scale = 1.
.................................................
.................................................
. fontspec info: "set-scale"
. 
. latinmodern-math scale = 1.
.................................................
.................................................
. fontspec info: "set-scale"
. 
. latinmodern-math scale = 1.
.................................................
.................................................
. fontspec info: "defining-font"
. 
. Font family 'latinmodern-math.otf(2)' created for font
. 'latinmodern-math.otf' with options
. [Scale=MatchLowercase,BoldItalicFont={},ItalicFont={},Script=Math,SizeFeature
s={{Size=10-},{Size=7-10,Font=latinmodern-math.otf,Style=MathScript},{Size=-7,F
ont=latinmodern-math.otf,Style=MathScriptScript}},BoldFont={latinmodern-math.ot
f},Scale=0.99999,FontAdjustment={\fontdimen
. 8\font =0.4pt\relax \relax \fontdimen 9\font =2.0pt\relax \relax \fontdimen
. 10\font =1.67pt\relax \relax \fontdimen 11\font =1.11pt\relax \relax
. \fontdimen 12\font =6.0pt\relax \relax \fontdimen 13\font =0pt\relax }].
. 
. This font family consists of the following shapes:
. 
. * 'normal' with NFSS spec.:
. 
. <10->s*[0.99999]"[latinmodern-math]/OT:script=math;language=DFLT;"<7-10>s*[0.
99999]"[latinmodern-math]/OT:script=math;language=DFLT;+ssty=0;"<-7>s*[0.99999]
"[latinmodern-math]/OT:script=math;language=DFLT;+ssty=1;"
. 
. * 'small caps' with NFSS spec.:
. 
. and font adjustment code:
. \fontdimen 8\font =0.4pt\relax \relax \fontdimen 9\font =2.0pt\relax \relax
. \fontdimen 10\font =1.67pt\relax \relax \fontdimen 11\font =1.11pt\relax
. \relax \fontdimen 12\font =6.0pt\relax \relax \fontdimen 13\font =0pt\relax 
. 
. * 'bold' with NFSS spec.:
. <->s*[0.99999]"[latinmodern-math]/OT:script=math;language=DFLT;"
. 
. * 'bold small caps' with NFSS spec.:
. 
. and font adjustment code:
. \fontdimen 8\font =0.4pt\relax \relax \fontdimen 9\font =2.0pt\relax \relax
. \fontdimen 10\font =1.67pt\relax \relax \fontdimen 11\font =1.11pt\relax
. \relax \fontdimen 12\font =6.0pt\relax \relax \fontdimen 13\font =0pt\relax 
.................................................
LaTeX Font Info:    Encoding `OMX' has changed to `EU1' for symbol font
(Font)              `largesymbols' in the math version `normal' on input line 1
23.
LaTeX Font Info:    Overwriting symbol font `largesymbols' in version `normal'
(Font)                  OMX/lmex/m/n --> EU1/latinmodern-math.otf(2)/m/n on inp
ut line 123.
LaTeX Font Info:    Encoding `OMX' has changed to `EU1' for symbol font
(Font)              `largesymbols' in the math version `bold' on input line 123
.
LaTeX Font Info:    Overwriting symbol font `largesymbols' in version `bold'
(Font)                  OMX/lmex/m/n --> EU1/latinmodern-math.otf(2)/bx/n on in
put line 123.
LaTeX Info: Redefining \microtypecontext on input line 123.
Package microtype Info: Character protrusion enabled (level 2).
Package microtype Info: Using protrusion set `basicmath'.
Package microtype Info: No adjustment of tracking.
Package microtype Info: No adjustment of spacing.
Package microtype Info: No adjustment of kerning.

(/usr/local/texlive/2015/texmf-dist/tex/latex/microtype/mt-LatinModernRoman.cfg
File: mt-LatinModernRoman.cfg 2013/03/13 v1.0 microtype config. file: Latin Mod
ern Roman (RS)
)
\AtBeginShipoutBox=\box50
Package hyperref Info: Link coloring OFF on input line 123.
(/usr/local/texlive/2015/texmf-dist/tex/latex/hyperref/nameref.sty
Package: nameref 2012/10/27 v2.43 Cross-referencing by name of section
(/usr/local/texlive/2015/texmf-dist/tex/generic/oberdiek/gettitlestring.sty
Package: gettitlestring 2010/12/03 v1.4 Cleanup title references (HO)
)
\c@section@level=\count167
)
LaTeX Info: Redefining \ref on input line 123.
LaTeX Info: Redefining \pageref on input line 123.
LaTeX Info: Redefining \nameref on input line 123.
LaTeX Font Info:    Font shape `EU1/latinmodern-math.otf(0)/m/n' will be
(Font)              scaled to size 12.0pt on input line 125.
LaTeX Font Info:    Font shape `EU1/latinmodern-math.otf(0)/m/n' will be
(Font)              scaled to size 8.0pt on input line 125.
LaTeX Font Info:    Font shape `EU1/latinmodern-math.otf(0)/m/n' will be
(Font)              scaled to size 6.0pt on input line 125.
LaTeX Font Info:    Try loading font information for OML+lmm on input line 125.

(/usr/local/texlive/2015/texmf-dist/tex/latex/lm/omllmm.fd
File: omllmm.fd 2009/10/30 v1.6 Font defs for Latin Modern
)
LaTeX Font Info:    Font shape `EU1/latinmodern-math.otf(1)/m/n' will be
(Font)              scaled to size 12.00018pt on input line 125.
LaTeX Font Info:    Font shape `EU1/latinmodern-math.otf(1)/m/n' will be
(Font)              scaled to size 8.00012pt on input line 125.
LaTeX Font Info:    Font shape `EU1/latinmodern-math.otf(1)/m/n' will be
(Font)              scaled to size 6.00009pt on input line 125.
LaTeX Font Info:    Font shape `EU1/latinmodern-math.otf(2)/m/n' will be
(Font)              scaled to size 11.99982pt on input line 125.
LaTeX Font Info:    Font shape `EU1/latinmodern-math.otf(2)/m/n' will be
(Font)              scaled to size 7.99988pt on input line 125.
LaTeX Font Info:    Font shape `EU1/latinmodern-math.otf(2)/m/n' will be
(Font)              scaled to size 5.99991pt on input line 125.
[1


] [2

] (./DataScience.toc
LaTeX Font Info:    Font shape `EU1/latinmodern-math.otf(0)/m/n' will be
(Font)              scaled to size 6.99997pt on input line 4.
LaTeX Font Info:    Font shape `EU1/latinmodern-math.otf(0)/m/n' will be
(Font)              scaled to size 5.0pt on input line 4.
LaTeX Font Info:    Font shape `EU1/latinmodern-math.otf(1)/m/n' will be
(Font)              scaled to size 10.00015pt on input line 4.
LaTeX Font Info:    Font shape `EU1/latinmodern-math.otf(1)/m/n' will be
(Font)              scaled to size 7.00006pt on input line 4.
LaTeX Font Info:    Font shape `EU1/latinmodern-math.otf(1)/m/n' will be
(Font)              scaled to size 5.00008pt on input line 4.
LaTeX Font Info:    Font shape `EU1/latinmodern-math.otf(2)/m/n' will be
(Font)              scaled to size 9.99985pt on input line 4.
LaTeX Font Info:    Font shape `EU1/latinmodern-math.otf(2)/m/n' will be
(Font)              scaled to size 6.99986pt on input line 4.
LaTeX Font Info:    Font shape `EU1/latinmodern-math.otf(2)/m/n' will be
(Font)              scaled to size 4.99992pt on input line 4.
[3])
\tf@toc=\write4
\openout4 = `DataScience.toc'.

[4]
Chapter 1.
[5

] [6

]
Chapter 2.
[7] [8

]
Chapter 3.
LaTeX Font Info:    Try loading font information for EU1+lmtt on input line 168
.
(/usr/local/texlive/2015/texmf-dist/tex/latex/euenc/eu1lmtt.fd
File: eu1lmtt.fd 2009/10/30 v1.6 Font defs for Latin Modern
) [9]
Underfull \vbox (badness 4229) has occurred while \output is active []

[10]
Underfull \vbox (badness 1472) has occurred while \output is active []

[11] [12] [13]

Package amsmath Warning: Foreign command \atopwithdelims;
(amsmath)                \frac or \genfrac should be used instead
(amsmath)                 on input line 358.

[14]
Overfull \hbox (26.0pt too wide) in paragraph at lines 410--410
[]\EU1/lmtt/m/n/10 ##   [1] 12 12 13  8  6 10 10 13 10  9 11 11 10  9 11 10  6 
 8  8  9 10 11  8 14 13[] 
 []


Overfull \hbox (20.75pt too wide) in paragraph at lines 410--410
[]\EU1/lmtt/m/n/10 ##  [26] 10  6 10 10 12  7 10  9  7  8 15  9  8 10  9 13 10 
 9 11  8  6 10  8 14  6[] 
 []


Overfull \hbox (19.0pt too wide) in paragraph at lines 410--410
[]\EU1/lmtt/m/n/10 ##  [51]  9 12 12  9 11  8 10  7  9 10 15  9  9  7 10  5 10 
 9  9  8  8 14 10  6 12[] 
 []


Overfull \hbox (29.5pt too wide) in paragraph at lines 410--410
[]\EU1/lmtt/m/n/10 ##  [76] 10  9  9 15 10 12 11  8 10 10 10  7 10  9  9 13  8 
15 10 11 17 12  8 13 10[] 
 []


Overfull \hbox (27.75pt too wide) in paragraph at lines 410--410
[]\EU1/lmtt/m/n/10 ## [101]  7  7  7 12 11 12 10  9  8 13 13 12 13 13  8 13 10 
 8  8 11  7 15  9 12 11[] 
 []


Overfull \hbox (29.5pt too wide) in paragraph at lines 410--410
[]\EU1/lmtt/m/n/10 ## [126] 12 12  7 10 10 12 10 11  7 12 12 13  9  8  9  6 13 
12  7 12 13 10 13  9  9[] 
 []


Overfull \hbox (31.25pt too wide) in paragraph at lines 410--410
[]\EU1/lmtt/m/n/10 ## [151] 13  6  8 13 11  7 10 15  8 15  5 14  8 12 10 12 11 
13 12  9 10 10 10 10  8[] 
 []


Overfull \hbox (31.25pt too wide) in paragraph at lines 410--410
[]\EU1/lmtt/m/n/10 ## [176] 12 10 13 14 11  8 10  8 13 13  9 12 11 14  9  6 11 
11  9  9 16 11  9 11 12[] 
 []


Overfull \hbox (24.25pt too wide) in paragraph at lines 410--410
[]\EU1/lmtt/m/n/10 ## [201] 12  7 11  8  8 15  9  7  9  8  7  8 12 10 10  8  8 
14  5 13 15 13 11 14 10[] 
 []


Overfull \hbox (36.5pt too wide) in paragraph at lines 410--410
[]\EU1/lmtt/m/n/10 ## [226] 13 10 11  6 11 10 10 10 12  9 13 11 14 10 10  6 10 
14 12 12  9 12  9 14 13[] 
 []


Overfull \hbox (24.25pt too wide) in paragraph at lines 410--410
[]\EU1/lmtt/m/n/10 ## [251] 11 12 11  8  9  9  5 13 11  7  9 10  8 11 11 10 14 
 9  8  5 10 11 13  9  9[] 
 []


Overfull \hbox (24.25pt too wide) in paragraph at lines 410--410
[]\EU1/lmtt/m/n/10 ## [276] 10 11 11  9 11 12  7 12 15  9  9  7 13 11 11 13 11 
 8  8  9  9 12  6  8  8[] 
 []


Overfull \hbox (22.5pt too wide) in paragraph at lines 410--410
[]\EU1/lmtt/m/n/10 ## [301]  8 11  9  8  9 12  9 11  7  9  9 12 11  7 10 10 12 
 6 11 10  7 12 13  8  9[] 
 []


Overfull \hbox (24.25pt too wide) in paragraph at lines 410--410
[]\EU1/lmtt/m/n/10 ## [326]  7  8 12 11  8 15 16  9  8 10  8 10 12  6  4  9 11 
 7 12 13 14 11  7  8 12[] 
 []


Overfull \hbox (26.0pt too wide) in paragraph at lines 410--410
[]\EU1/lmtt/m/n/10 ## [351]  9 13  8 10 12 13  8 12 10  8 10 12  5  9  9  7  9 
10 11  9 11  6 14 13 11[] 
 []


Overfull \hbox (26.0pt too wide) in paragraph at lines 410--410
[]\EU1/lmtt/m/n/10 ## [376] 12 13 10  9 11  9 12 14 10 11  8  8 11  8  8 12  8 
11 11  8  8 10  9 10  7[] 
 []


Overfull \hbox (26.0pt too wide) in paragraph at lines 410--410
[]\EU1/lmtt/m/n/10 ## [401] 14  7 10  8 10  8 12 10  9  9 10  8  9 10 10 11 14 
 7 10 10 12 10  6  9  8[] 
 []


Overfull \hbox (29.5pt too wide) in paragraph at lines 410--410
[]\EU1/lmtt/m/n/10 ## [426] 11 11 11 11 15 12 12  9  7 11  9 14 10  9 11 15 13 
 9  6 12  8  8  9 14 12[] 
 []


Overfull \hbox (33.0pt too wide) in paragraph at lines 410--410
[]\EU1/lmtt/m/n/10 ## [451] 14 14 13 13  8  9 11 12 10 11 13 10 12 10 11 12  6 
 9  6 12 10 15  9  7 10[] 
 []


Overfull \hbox (24.25pt too wide) in paragraph at lines 410--410
[]\EU1/lmtt/m/n/10 ## [476] 14  8  5 10 11 10  9 12  8  8  8 10 11  9 12 11  9 
 9 10  7  8  9 12 13 10[] 
 []

[15] [16] [17] [18

]
Chapter 4.
[19] [20

]
Chapter 5.
[21]
File: DataScience_files/figure-latex/unnamed-chunk-17-1.pdf Graphic file (type 
QTm)
<use  "DataScience_files/figure-latex/unnamed-chunk-17-1.pdf" > [22]
File: DataScience_files/figure-latex/unnamed-chunk-20-1.pdf Graphic file (type 
QTm)
<use  "DataScience_files/figure-latex/unnamed-chunk-20-1.pdf" >
Underfull \vbox (badness 10000) has occurred while \output is active []

[23] [24] [25]
LaTeX Font Info:    Font shape `EU1/lmtt/bx/n' in size <10> not available
(Font)              Font shape `EU1/lmtt/b/n' tried instead on input line 726.
File: DataScience_files/figure-latex/unnamed-chunk-27-1.pdf Graphic file (type 
QTm)
<use  "DataScience_files/figure-latex/unnamed-chunk-27-1.pdf" >
Underfull \vbox (badness 10000) has occurred while \output is active []

[26]
File: DataScience_files/figure-latex/unnamed-chunk-28-1.pdf Graphic file (type 
QTm)
<use  "DataScience_files/figure-latex/unnamed-chunk-28-1.pdf" >
Underfull \vbox (badness 10000) has occurred while \output is active []


Overfull \hbox (21.70233pt too wide) has occurred while \output is active
\EU1/lmr/m/sl/10 5.2.  THE NORMAL DISTRIBUTION AND THE CENTRAL LIMIT THEOREM \E
U1/lmr/m/n/10 27
 []

[27] [28] [29] [30

]
Chapter 6.

Overfull \hbox (5.0pt too wide) in paragraph at lines 828--828
[]\EU1/lmtt/m/n/10 ##  Class :character   1st Qu.:   0.600   1st Qu.:   4.25   
1st Qu.: 6.250[] 
 []


Overfull \hbox (5.0pt too wide) in paragraph at lines 828--828
[]\EU1/lmtt/m/n/10 ##  Mode  :character   Median :   3.342   Median :  17.25   
Median : 8.350[] 
 []

[31]
File: DataScience_files/figure-latex/unnamed-chunk-38-1.pdf Graphic file (type 
QTm)
<use  "DataScience_files/figure-latex/unnamed-chunk-38-1.pdf" > [32]
File: DataScience_files/figure-latex/unnamed-chunk-39-1.pdf Graphic file (type 
QTm)
<use  "DataScience_files/figure-latex/unnamed-chunk-39-1.pdf" > [33] [34] [35]
Overfull \hbox (157.25pt too wide) in paragraph at lines 980--980
[]\EU1/lmtt/m/n/10 ## Formula contains log- or sqrt-terms. See help("standardiz
e") for how such terms are standardized.[] 
 []


Overfull \hbox (157.25pt too wide) in paragraph at lines 980--980
[]\EU1/lmtt/m/n/10 ## Formula contains log- or sqrt-terms. See help("standardiz
e") for how such terms are standardized.[] 
 []


Overfull \hbox (1564.25pt too wide) in paragraph at lines 988--988
[]\EU1/lmtt/m/n/10 ## We fitted a linear model (estimated using OLS) to predict
 TotalSleep with BodyWt (formula: TotalSleep ~ 1 + log(BodyWt)). The model expl
ains a significant and substantial proportion of variance (R2 = 0.28, F(1, 56) 
= 22.20, p < .001, adj. R2 = 0.27). The model's intercept, corresponding to Bod
yWt = 0, is at 11.44 (95% CI [10.33, 12.54], t(56) = 20.76, p < .001). Within t
his model:[] 
 []


Overfull \hbox (460.0pt too wide) in paragraph at lines 988--988
[]\EU1/lmtt/m/n/10 ##   - The effect of BodyWt [log] is significantly negative 
(beta = -0.79, 95% CI [-1.13, -0.46], t(56) = -4.71, p < .001; Std. beta = -1.1
6, 95% CI [-1.91, -0.41])[] 
 []


Overfull \hbox (169.5pt too wide) in paragraph at lines 988--988
[]\EU1/lmtt/m/n/10 ## Standardized parameters were obtained by fitting the mode
l on a standardized version of the dataset.[] 
 []

[36] [37]
Underfull \hbox (badness 10000) in paragraph at lines 1067--1069

 []


Underfull \hbox (badness 10000) in paragraph at lines 1069--1071

 []


Underfull \hbox (badness 10000) in paragraph at lines 1071--1073

 []


Underfull \hbox (badness 10000) in paragraph at lines 1073--1075

 []

[38]
Chapter 7.
[39

]
Overfull \hbox (23.35454pt too wide) has occurred while \output is active
\EU1/lmr/m/n/10 40 \EU1/lmr/m/sl/10 CHAPTER 7.  PROPERTIES OF ESTIMATORS AND HY
POTHESIS TESTING
 []

[40] [41]
Overfull \hbox (23.35454pt too wide) has occurred while \output is active
\EU1/lmr/m/n/10 42 \EU1/lmr/m/sl/10 CHAPTER 7.  PROPERTIES OF ESTIMATORS AND HY
POTHESIS TESTING
 []

[42]
File: DataScience_files/figure-latex/unnamed-chunk-60-1.pdf Graphic file (type 
QTm)
<use  "DataScience_files/figure-latex/unnamed-chunk-60-1.pdf" > [43]
Overfull \hbox (23.35454pt too wide) has occurred while \output is active
\EU1/lmr/m/n/10 44 \EU1/lmr/m/sl/10 CHAPTER 7.  PROPERTIES OF ESTIMATORS AND HY
POTHESIS TESTING
 []

[44]
File: DataScience_files/figure-latex/unnamed-chunk-62-1.pdf Graphic file (type 
QTm)
<use  "DataScience_files/figure-latex/unnamed-chunk-62-1.pdf" > [45]
File: DataScience_files/figure-latex/unnamed-chunk-63-1.pdf Graphic file (type 
QTm)
<use  "DataScience_files/figure-latex/unnamed-chunk-63-1.pdf" >
Underfull \vbox (badness 2261) has occurred while \output is active []


Overfull \hbox (23.35454pt too wide) has occurred while \output is active
\EU1/lmr/m/n/10 46 \EU1/lmr/m/sl/10 CHAPTER 7.  PROPERTIES OF ESTIMATORS AND HY
POTHESIS TESTING
 []

[46] [47]
Overfull \hbox (23.35454pt too wide) has occurred while \output is active
\EU1/lmr/m/n/10 48 \EU1/lmr/m/sl/10 CHAPTER 7.  PROPERTIES OF ESTIMATORS AND HY
POTHESIS TESTING
 []

[48]
Chapter 8.
[49

] [50] [51] [52

]
Chapter 9.
[53]

LaTeX Warning: Command \nobreakspace invalid in math mode on input line 1398.


LaTeX Warning: Command \nobreakspace invalid in math mode on input line 1398.


LaTeX Warning: Command \nobreakspace invalid in math mode on input line 1398.


LaTeX Warning: Command \nobreakspace invalid in math mode on input line 1398.


LaTeX Warning: Command \nobreakspace invalid in math mode on input line 1398.


LaTeX Warning: Command \nobreakspace invalid in math mode on input line 1398.


Overfull \hbox (10.77249pt too wide) detected at line 1398
[] [] [][][] [][][][][][] [][][][][][][] [] [][][][] [] [] [][][] [][][][][][] 
[][][][][][][] [] [][][][] [] [] [][][] [][][][][][] [][][][][][][] [] [][][]
 []


Underfull \vbox (badness 1558) has occurred while \output is active []

[54]
Underfull \vbox (badness 5637) has occurred while \output is active []

[55]

LaTeX Warning: Command \nobreakspace invalid in math mode on input line 1449.

[56]
Chapter 10.
[57

] [58

]
Chapter 11.
[59] [60

]
Chapter 12.

Overfull \vbox (0.14836pt too high) detected at line 1512
 []

[61]
File: DataScience_files/figure-latex/unnamed-chunk-69-1.pdf Graphic file (type 
QTm)
<use  "DataScience_files/figure-latex/unnamed-chunk-69-1.pdf" >
File: DataScience_files/figure-latex/unnamed-chunk-72-1.pdf Graphic file (type 
QTm)
<use  "DataScience_files/figure-latex/unnamed-chunk-72-1.pdf" >
Underfull \vbox (badness 7047) has occurred while \output is active []

[62] [63] [64]
File: DataScience_files/figure-latex/unnamed-chunk-77-1.pdf Graphic file (type 
QTm)
<use  "DataScience_files/figure-latex/unnamed-chunk-77-1.pdf" > [65] [66] [67] 
[68]
Chapter 13.
[69

] [70

]
Chapter 14.
[71] [72]
File: DataScience_files/figure-latex/unnamed-chunk-100-1.pdf Graphic file (type
 QTm)
<use  "DataScience_files/figure-latex/unnamed-chunk-100-1.pdf" > [73] [74]
Overfull \hbox (36.5pt too wide) in paragraph at lines 2002--2002
[]\EU1/lmtt/m/n/10 ##   Achimill Agrostol Airaprae Alopgeni Anthodor Bellpere B
romhord Chenalbu[] 
 []


Overfull \hbox (36.5pt too wide) in paragraph at lines 2002--2002
[]\EU1/lmtt/m/n/10 ##   Cirsarve Comapalu Eleopalu Elymrepe Empenigr Hyporadi J
uncarti Juncbufo[] 
 []


Overfull \hbox (26.0pt too wide) in paragraph at lines 2002--2002
[]\EU1/lmtt/m/n/10 ##   Lolipere Planlanc Poaprat Poatriv Ranuflam Rumeacet Sag
iproc Salirepe[] 
 []

[75] [76]
File: DataScience_files/figure-latex/unnamed-chunk-107-1.pdf Graphic file (type
 QTm)
<use  "DataScience_files/figure-latex/unnamed-chunk-107-1.pdf" >
Underfull \vbox (badness 10000) has occurred while \output is active []

[77] [78]
Chapter 15.
[79

]
File: DataScience_files/figure-latex/unnamed-chunk-115-1.pdf Graphic file (type
 QTm)
<use  "DataScience_files/figure-latex/unnamed-chunk-115-1.pdf" >
Underfull \vbox (badness 10000) has occurred while \output is active []

[80]
Overfull \hbox (80.25pt too wide) in paragraph at lines 2163--2163
[]\EU1/lmtt/m/n/10 ## *** : The Hubert index is a graphical method of determini
ng the number of clusters.[] 
 []


Overfull \hbox (104.75pt too wide) in paragraph at lines 2163--2163
[]\EU1/lmtt/m/n/10 ##                 In the plot of Hubert index, we seek a si
gnificant knee that corresponds to a[] 
 []


Overfull \hbox (138.0pt too wide) in paragraph at lines 2163--2163
[]\EU1/lmtt/m/n/10 ##                 significant increase of the value of the 
measure i.e the significant peak in Hubert[] 
 []

File: DataScience_files/figure-latex/unnamed-chunk-115-2.pdf Graphic file (type
 QTm)
<use  "DataScience_files/figure-latex/unnamed-chunk-115-2.pdf" >
Overfull \hbox (54.0pt too wide) in paragraph at lines 2189--2189
[]\EU1/lmtt/m/n/10 ## *** : The D index is a graphical method of determining th
e number of clusters.[] 
 []


Overfull \hbox (129.25pt too wide) in paragraph at lines 2189--2189
[]\EU1/lmtt/m/n/10 ##                 In the plot of D index, we seek a signifi
cant knee (the significant peak in Dindex[] 
 []


Overfull \hbox (139.75pt too wide) in paragraph at lines 2189--2189
[]\EU1/lmtt/m/n/10 ##                 second differences plot) that corresponds
 to a significant increase of the value of[] 
 []


Overfull \hbox (20.75pt too wide) in paragraph at lines 2189--2189
[]\EU1/lmtt/m/n/10 ## *********************************************************
**********[] 
 []

[81]
Overfull \hbox (20.75pt too wide) in paragraph at lines 2189--2189
[]\EU1/lmtt/m/n/10 ## *********************************************************
**********[] 
 []

File: DataScience_files/figure-latex/unnamed-chunk-116-1.pdf Graphic file (type
 QTm)
<use  "DataScience_files/figure-latex/unnamed-chunk-116-1.pdf" >
Underfull \vbox (badness 10000) has occurred while \output is active []

[82]
Overfull \hbox (15.5pt too wide) in paragraph at lines 2237--2237
[]\EU1/lmtt/m/n/10 ##   [1] 2 2 2 2 2 2 2 2 2 2 2 2 2 2 2 2 2 2 2 2 2 2 2 2 2 2
 2 2 2 2 2 2 2 2 2 2 2[] 
 []


Overfull \hbox (17.25pt too wide) in paragraph at lines 2237--2237
[]\EU1/lmtt/m/n/10 ##  [38] 2 2 2 2 2 2 2 2 2 2 2 2 2 1 1 1 1 1 1 1 1 1 1 1 1 1
 1 1 1 1 1 1 1 1 1 1 1[] 
 []


Overfull \hbox (17.25pt too wide) in paragraph at lines 2237--2237
[]\EU1/lmtt/m/n/10 ##  [75] 1 1 1 1 1 1 1 1 1 1 1 1 1 1 1 1 1 1 1 1 1 1 1 1 1 1
 1 1 1 1 1 1 1 1 1 1 1[] 
 []


Overfull \hbox (19.0pt too wide) in paragraph at lines 2237--2237
[]\EU1/lmtt/m/n/10 ## [112] 1 1 1 1 1 1 1 1 1 1 1 1 1 1 1 1 1 1 1 1 1 1 1 1 1 1
 1 1 1 1 1 1 1 1 1 1 1[] 
 []

File: DataScience_files/figure-latex/unnamed-chunk-119-1.pdf Graphic file (type
 QTm)
<use  "DataScience_files/figure-latex/unnamed-chunk-119-1.pdf" >
Underfull \vbox (badness 10000) has occurred while \output is active []

[83]
File: DataScience_files/figure-latex/unnamed-chunk-119-2.pdf Graphic file (type
 QTm)
<use  "DataScience_files/figure-latex/unnamed-chunk-119-2.pdf" >
File: DataScience_files/figure-latex/unnamed-chunk-120-1.pdf Graphic file (type
 QTm)
<use  "DataScience_files/figure-latex/unnamed-chunk-120-1.pdf" >
File: DataScience_files/figure-latex/unnamed-chunk-120-2.pdf Graphic file (type
 QTm)
<use  "DataScience_files/figure-latex/unnamed-chunk-120-2.pdf" >
Underfull \hbox (badness 10000) in paragraph at lines 2261--2262
[][]
 []


Underfull \vbox (badness 3989) has occurred while \output is active []

[84] [85] [86

]
Chapter 16.

Overfull \hbox (5.0pt too wide) in paragraph at lines 2326--2326
[]\EU1/lmtt/m/n/10 ##  Class :character   1st Qu.:   0.600   1st Qu.:   4.25   
1st Qu.: 6.250[] 
 []


Overfull \hbox (5.0pt too wide) in paragraph at lines 2326--2326
[]\EU1/lmtt/m/n/10 ##  Mode  :character   Median :   3.342   Median :  17.25   
Median : 8.350[] 
 []

[87]
File: DataScience_files/figure-latex/unnamed-chunk-125-1.pdf Graphic file (type
 QTm)
<use  "DataScience_files/figure-latex/unnamed-chunk-125-1.pdf" > [88]
File: DataScience_files/figure-latex/unnamed-chunk-126-1.pdf Graphic file (type
 QTm)
<use  "DataScience_files/figure-latex/unnamed-chunk-126-1.pdf" > [89] [90] [91]

Overfull \hbox (157.25pt too wide) in paragraph at lines 2478--2478
[]\EU1/lmtt/m/n/10 ## Formula contains log- or sqrt-terms. See help("standardiz
e") for how such terms are standardized.[] 
 []


Overfull \hbox (157.25pt too wide) in paragraph at lines 2478--2478
[]\EU1/lmtt/m/n/10 ## Formula contains log- or sqrt-terms. See help("standardiz
e") for how such terms are standardized.[] 
 []


Overfull \hbox (1564.25pt too wide) in paragraph at lines 2486--2486
[]\EU1/lmtt/m/n/10 ## We fitted a linear model (estimated using OLS) to predict
 TotalSleep with BodyWt (formula: TotalSleep ~ 1 + log(BodyWt)). The model expl
ains a significant and substantial proportion of variance (R2 = 0.28, F(1, 56) 
= 22.20, p < .001, adj. R2 = 0.27). The model's intercept, corresponding to Bod
yWt = 0, is at 11.44 (95% CI [10.33, 12.54], t(56) = 20.76, p < .001). Within t
his model:[] 
 []


Overfull \hbox (460.0pt too wide) in paragraph at lines 2486--2486
[]\EU1/lmtt/m/n/10 ##   - The effect of BodyWt [log] is significantly negative 
(beta = -0.79, 95% CI [-1.13, -0.46], t(56) = -4.71, p < .001; Std. beta = -1.1
6, 95% CI [-1.91, -0.41])[] 
 []


Overfull \hbox (169.5pt too wide) in paragraph at lines 2486--2486
[]\EU1/lmtt/m/n/10 ## Standardized parameters were obtained by fitting the mode
l on a standardized version of the dataset.[] 
 []

[92] [93]
Underfull \hbox (badness 10000) in paragraph at lines 2561--2563

 []


Underfull \hbox (badness 10000) in paragraph at lines 2563--2565

 []


Underfull \hbox (badness 10000) in paragraph at lines 2565--2567

 []


Underfull \hbox (badness 10000) in paragraph at lines 2567--2569

 []


Underfull \vbox (badness 10000) has occurred while \output is active []

[94] [95]
File: DataScience_files/figure-latex/unnamed-chunk-136-1.pdf Graphic file (type
 QTm)
<use  "DataScience_files/figure-latex/unnamed-chunk-136-1.pdf" > [96] [97]
Underfull \vbox (badness 1895) has occurred while \output is active []

[98]
No file DataScience.bbl.
Package atveryend Info: Empty hook `BeforeClearDocument' on input line 2788.
[99]
Package atveryend Info: Empty hook `AfterLastShipout' on input line 2788.
(./DataScience.aux)
Package atveryend Info: Empty hook `AtVeryEndDocument' on input line 2788.
Package atveryend Info: Empty hook `AtEndAfterFileList' on input line 2788.
Package atveryend Info: Empty hook `AtVeryVeryEnd' on input line 2788.
 ) 
Here is how much of TeX's memory you used:
 29076 strings out of 493706
 514203 string characters out of 6145769
 657502 words of memory out of 5000000
 32129 multiletter control sequences out of 15000+600000
 7643 words of font info for 59 fonts, out of 8000000 for 9000
 1328 hyphenation exceptions out of 8191
 58i,8n,103p,10406b,515s stack positions out of 5000i,500n,10000p,200000b,80000s

Output written on DataScience.pdf (99 pages).
